Build started 29-Dec-17 17:09:57.
     1>Project "C:\Users\Nikola\Desktop\nn_100428\virtual_memory\virtual_memory\virtual_memory.vcxproj" on node 2 (Rebuild target(s)).
     1>ClCompile:
         C:\Program Files (x86)\Microsoft Visual Studio 14.0\VC\bin\CL.exe /c /ZI /nologo /W3 /WX- /Od /Oy- /D WIN32 /D _DEBUG /D _CONSOLE /D _UNICODE /D UNICODE /Gm /EHsc /RTC1 /MDd /GS /fp:precise /Zc:wchar_t /Zc:forScope /Zc:inline /Fo"Debug\\" /Fd"Debug\vc140.pdb" /Gd /TP /analyze- /errorReport:prompt KernelProcess.cpp KernelSystem.cpp main.cpp Process.cpp ProcessTest.cpp RandomNumberGenerator.cpp System.cpp SystemTest.cpp
         SystemTest.cpp
         System.cpp
         RandomNumberGenerator.cpp
         ProcessTest.cpp
     1>c:\users\nikola\desktop\nn_100428\virtual_memory\virtual_memory\processtest.cpp(37): warning C4018: '<': signed/unsigned mismatch
     1>c:\users\nikola\desktop\nn_100428\virtual_memory\virtual_memory\processtest.cpp(62): warning C4018: '<': signed/unsigned mismatch
     1>c:\users\nikola\desktop\nn_100428\virtual_memory\virtual_memory\processtest.cpp(134): warning C4018: '<': signed/unsigned mismatch
     1>c:\users\nikola\desktop\nn_100428\virtual_memory\virtual_memory\processtest.cpp(139): warning C4018: '<': signed/unsigned mismatch
     1>c:\users\nikola\desktop\nn_100428\virtual_memory\virtual_memory\processtest.cpp(143): warning C4244: '=': conversion from 'VirtualAddress' to 'char', possible loss of data
         Process.cpp
         main.cpp
     1>c:\users\nikola\desktop\nn_100428\virtual_memory\virtual_memory\main.cpp(73): warning C4244: 'initializing': conversion from 'uint64_t' to 'unsigned int', possible loss of data
     1>c:\users\nikola\desktop\nn_100428\virtual_memory\virtual_memory\main.cpp(77): warning C4244: 'initializing': conversion from 'uint64_t' to 'unsigned int', possible loss of data
         KernelSystem.cpp
     1>c:\users\nikola\desktop\nn_100428\virtual_memory\virtual_memory\kernelsystem.cpp(43): warning C4018: '<': signed/unsigned mismatch
         KernelProcess.cpp
     1>c:\users\nikola\desktop\nn_100428\virtual_memory\virtual_memory\kernelprocess.cpp(62): warning C4018: '<': signed/unsigned mismatch
     1>c:\users\nikola\desktop\nn_100428\virtual_memory\virtual_memory\kernelprocess.cpp(82): warning C4018: '<': signed/unsigned mismatch
     1>c:\users\nikola\desktop\nn_100428\virtual_memory\virtual_memory\kernelprocess.cpp(124): warning C4018: '<': signed/unsigned mismatch
         Generating Code...
       Link:
         C:\Program Files (x86)\Microsoft Visual Studio 14.0\VC\bin\link.exe /ERRORREPORT:PROMPT /OUT:"C:\Users\Nikola\Desktop\nn_100428\virtual_memory\Debug\virtual_memory.exe" /INCREMENTAL /NOLOGO /LIBPATH:.\part.lib kernel32.lib user32.lib gdi32.lib winspool.lib comdlg32.lib advapi32.lib shell32.lib ole32.lib oleaut32.lib uuid.lib odbc32.lib odbccp32.lib /MANIFEST /MANIFESTUAC:"level='asInvoker' uiAccess='false'" /manifest:embed /Debug /PDB:"C:\Users\Nikola\Desktop\nn_100428\virtual_memory\Debug\virtual_memory.pdb" /SUBSYSTEM:CONSOLE /TLBID:1 /DYNAMICBASE /NXCOMPAT /IMPLIB:"C:\Users\Nikola\Desktop\nn_100428\virtual_memory\Debug\virtual_memory.lib" /MACHINE:X86 Debug\KernelProcess.obj
         Debug\KernelSystem.obj
         Debug\main.obj
         Debug\Process.obj
         Debug\ProcessTest.obj
         Debug\RandomNumberGenerator.obj
         Debug\System.obj
         Debug\SystemTest.obj
         part.lib
     1>part.lib(part.obj) : warning LNK4099: PDB 'part.pdb' was not found with 'part.lib(part.obj)' or at 'C:\Users\Nikola\Desktop\nn_100428\virtual_memory\Debug\part.pdb'; linking object as if no debug info
     1>part.lib(PartitionImpl.obj) : warning LNK4099: PDB 'part.pdb' was not found with 'part.lib(PartitionImpl.obj)' or at 'C:\Users\Nikola\Desktop\nn_100428\virtual_memory\Debug\part.pdb'; linking object as if no debug info
         virtual_memory.vcxproj -> C:\Users\Nikola\Desktop\nn_100428\virtual_memory\Debug\virtual_memory.exe
     1>Done Building Project "C:\Users\Nikola\Desktop\nn_100428\virtual_memory\virtual_memory\virtual_memory.vcxproj" (Rebuild target(s)).

Build succeeded.

Time Elapsed 00:00:06.20
